0 info it worked if it ends with ok
1 verbose cli [ 'C:\\Program Files\\nodejs\\node.exe',
1 verbose cli   'C:\\ProgramData\\chocolatey\\lib\\npm\\tools\\node_modules\\npm\\bin\\npm-cli.js',
1 verbose cli   'install',
1 verbose cli   '-g',
1 verbose cli   'bower' ]
2 info using npm@1.4.9
3 info using node@v6.9.1
4 verbose cache add [ 'bower', null ]
5 verbose cache add name=undefined spec="bower" args=["bower",null]
6 verbose parsed url Url {
6 verbose parsed url   protocol: null,
6 verbose parsed url   slashes: null,
6 verbose parsed url   auth: null,
6 verbose parsed url   host: null,
6 verbose parsed url   port: null,
6 verbose parsed url   hostname: null,
6 verbose parsed url   hash: null,
6 verbose parsed url   search: null,
6 verbose parsed url   query: null,
6 verbose parsed url   pathname: 'bower',
6 verbose parsed url   path: 'bower',
6 verbose parsed url   href: 'bower' }
7 silly lockFile 206e3ce5-bower bower
8 verbose lock bower C:\Users\bboug\AppData\Roaming\npm-cache\206e3ce5-bower.lock
9 silly lockFile 206e3ce5-bower bower
10 silly lockFile 206e3ce5-bower bower
11 verbose addNamed [ 'bower', '' ]
12 verbose addNamed [ null, '*' ]
13 silly lockFile 1240aab1-bower bower@
14 verbose lock bower@ C:\Users\bboug\AppData\Roaming\npm-cache\1240aab1-bower.lock
15 silly addNameRange { name: 'bower', range: '*', hasData: false }
16 verbose url raw bower
17 verbose url resolving [ 'https://registry.npmjs.org/', './bower' ]
18 verbose url resolved https://registry.npmjs.org/bower
19 info trying registry request attempt 1 at 22:40:52
20 verbose etag W/"5842f62b-2abf5"
21 http GET https://registry.npmjs.org/bower
22 http 304 https://registry.npmjs.org/bower
23 silly registry.get cb [ 304,
23 silly registry.get   { date: 'Sun, 04 Dec 2016 21:40:53 GMT',
23 silly registry.get     via: '1.1 varnish',
23 silly registry.get     'cache-control': 'max-age=300',
23 silly registry.get     etag: 'W/"5842f62b-2abf5"',
23 silly registry.get     age: '243',
23 silly registry.get     connection: 'close',
23 silly registry.get     'x-served-by': 'cache-lcy1122-LCY',
23 silly registry.get     'x-cache': 'HIT',
23 silly registry.get     'x-cache-hits': '4',
23 silly registry.get     'x-timer': 'S1480887653.403877,VS0,VE0',
23 silly registry.get     vary: 'Accept-Encoding' } ]
24 verbose etag bower from cache
25 silly addNameRange number 2 { name: 'bower', range: '*', hasData: true }
26 silly addNameRange versions [ 'bower',
26 silly addNameRange   [ '0.1.0',
26 silly addNameRange     '0.1.2',
26 silly addNameRange     '0.1.3',
26 silly addNameRange     '0.2.0',
26 silly addNameRange     '0.3.0',
26 silly addNameRange     '0.3.1',
26 silly addNameRange     '0.3.2',
26 silly addNameRange     '0.4.0',
26 silly addNameRange     '0.5.0',
26 silly addNameRange     '0.5.1',
26 silly addNameRange     '0.6.0',
26 silly addNameRange     '0.6.1',
26 silly addNameRange     '0.6.2',
26 silly addNameRange     '0.6.3',
26 silly addNameRange     '0.6.4',
26 silly addNameRange     '0.6.5',
26 silly addNameRange     '0.6.6',
26 silly addNameRange     '0.6.7',
26 silly addNameRange     '0.6.8',
26 silly addNameRange     '0.7.0',
26 silly addNameRange     '0.7.1',
26 silly addNameRange     '0.8.0',
26 silly addNameRange     '0.8.1',
26 silly addNameRange     '0.8.2',
26 silly addNameRange     '0.8.3',
26 silly addNameRange     '0.8.4',
26 silly addNameRange     '0.8.5',
26 silly addNameRange     '0.8.6',
26 silly addNameRange     '0.9.0',
26 silly addNameRange     '0.9.1',
26 silly addNameRange     '0.9.2',
26 silly addNameRange     '0.10.0',
26 silly addNameRange     '1.0.0',
26 silly addNameRange     '1.0.1',
26 silly addNameRange     '1.0.2',
26 silly addNameRange     '1.0.3',
26 silly addNameRange     '1.1.0',
26 silly addNameRange     '1.1.1',
26 silly addNameRange     '1.1.2',
26 silly addNameRange     '1.2.0',
26 silly addNameRange     '1.2.1',
26 silly addNameRange     '1.2.2',
26 silly addNameRange     '1.2.3',
26 silly addNameRange     '1.2.4',
26 silly addNameRange     '1.2.5',
26 silly addNameRange     '1.2.6',
26 silly addNameRange     '1.2.7',
26 silly addNameRange     '1.2.8',
26 silly addNameRange     '1.3.0',
26 silly addNameRange     '1.3.1',
26 silly addNameRange     '1.3.2',
26 silly addNameRange     '1.3.3',
26 silly addNameRange     '1.3.4',
26 silly addNameRange     '1.3.5',
26 silly addNameRange     '1.3.6',
26 silly addNameRange     '1.3.7',
26 silly addNameRange     '1.3.8',
26 silly addNameRange     '1.3.9',
26 silly addNameRange     '1.3.10',
26 silly addNameRange     '1.3.11',
26 silly addNameRange     '1.3.12',
26 silly addNameRange     '1.4.0',
26 silly addNameRange     '1.4.1',
26 silly addNameRange     '1.5.0',
26 silly addNameRange     '1.5.1',
26 silly addNameRange     '1.5.2',
26 silly addNameRange     '1.5.3',
26 silly addNameRange     '1.6.2',
26 silly addNameRange     '1.6.3',
26 silly addNameRange     '1.6.4',
26 silly addNameRange     '1.6.5',
26 silly addNameRange     '1.5.4',
26 silly addNameRange     '1.4.2',
26 silly addNameRange     '1.6.6',
26 silly addNameRange     '1.6.7',
26 silly addNameRange     '1.6.8',
26 silly addNameRange     '1.6.9',
26 silly addNameRange     '1.7.0',
26 silly addNameRange     '1.7.1',
26 silly addNameRange     '1.7.2',
26 silly addNameRange     '1.7.5',
26 silly addNameRange     '1.7.6',
26 silly addNameRange     '1.7.7',
26 silly addNameRange     '1.7.8',
26 silly addNameRange     '1.7.9',
26 silly addNameRange     '1.8.0' ] ]
27 verbose addNamed [ 'bower', '1.8.0' ]
28 verbose addNamed [ '1.8.0', '1.8.0' ]
29 silly lockFile 8d20daf9-bower-1-8-0 bower@1.8.0
30 verbose lock bower@1.8.0 C:\Users\bboug\AppData\Roaming\npm-cache\8d20daf9-bower-1-8-0.lock
31 silly lockFile 8d20daf9-bower-1-8-0 bower@1.8.0
32 silly lockFile 8d20daf9-bower-1-8-0 bower@1.8.0
33 silly lockFile 1240aab1-bower bower@
34 silly lockFile 1240aab1-bower bower@
35 silly resolved [ { name: 'bower',
35 silly resolved     version: '1.8.0',
35 silly resolved     description: 'The browser package manager',
35 silly resolved     author: { name: 'Twitter' },
35 silly resolved     license: 'MIT',
35 silly resolved     repository: { type: 'git', url: 'git+https://github.com/bower/bower.git' },
35 silly resolved     main: 'lib',
35 silly resolved     bin: { bower: 'bin/bower' },
35 silly resolved     homepage: 'http://bower.io',
35 silly resolved     engines: { node: '>=0.10.0' },
35 silly resolved     keywords: [ 'bower' ],
35 silly resolved     files: [ 'bin', 'lib' ],
35 silly resolved     bugs: { url: 'https://github.com/bower/bower/issues' },
35 silly resolved     _id: 'bower@1.8.0',
35 silly resolved     scripts: {},
35 silly resolved     _shasum: '55dbebef0ad9155382d9e9d3e497c1372345b44a',
35 silly resolved     _from: 'bower@',
35 silly resolved     _npmVersion: '3.10.9',
35 silly resolved     _nodeVersion: '4.4.6',
35 silly resolved     _npmUser: { name: 'sheerun', email: 'sheerun@sher.pl' },
35 silly resolved     dist:
35 silly resolved      { shasum: '55dbebef0ad9155382d9e9d3e497c1372345b44a',
35 silly resolved        tarball: 'https://registry.npmjs.org/bower/-/bower-1.8.0.tgz' },
35 silly resolved     maintainers:
35 silly resolved      [ [Object],
35 silly resolved        [Object],
35 silly resolved        [Object],
35 silly resolved        [Object],
35 silly resolved        [Object],
35 silly resolved        [Object],
35 silly resolved        [Object] ],
35 silly resolved     _npmOperationalInternal:
35 silly resolved      { host: 'packages-18-east.internal.npmjs.com',
35 silly resolved        tmp: 'tmp/bower-1.8.0.tgz_1478512918020_0.7136248126626015' },
35 silly resolved     directories: {},
35 silly resolved     _resolved: 'https://registry.npmjs.org/bower/-/bower-1.8.0.tgz',
35 silly resolved     readme: 'ERROR: No README data found!' } ]
36 info install bower@1.8.0 into C:\Program Files\nodejs
37 info installOne bower@1.8.0
38 info C:\Program Files\nodejs\node_modules\bower unbuild
39 verbose tar unpack C:\Users\bboug\AppData\Roaming\npm-cache\bower\1.8.0\package.tgz
40 silly lockFile c839c595--Files-nodejs-node-modules-bower tar://C:\Program Files\nodejs\node_modules\bower
41 verbose lock tar://C:\Program Files\nodejs\node_modules\bower C:\Users\bboug\AppData\Roaming\npm-cache\c839c595--Files-nodejs-node-modules-bower.lock
42 silly lockFile 99423587-pm-cache-bower-1-8-0-package-tgz tar://C:\Users\bboug\AppData\Roaming\npm-cache\bower\1.8.0\package.tgz
43 verbose lock tar://C:\Users\bboug\AppData\Roaming\npm-cache\bower\1.8.0\package.tgz C:\Users\bboug\AppData\Roaming\npm-cache\99423587-pm-cache-bower-1-8-0-package-tgz.lock
44 silly gunzTarPerm modes [ '755', '644' ]
45 error Error: EPERM: operation not permitted, mkdir 'C:\Program Files\nodejs\node_modules\bower'
45 error     at Error (native)
45 error  { Error: EPERM: operation not permitted, mkdir 'C:\Program Files\nodejs\node_modules\bower'
45 error     at Error (native)
45 error   errno: -4048,
45 error   code: 'EPERM',
45 error   syscall: 'mkdir',
45 error   path: 'C:\\Program Files\\nodejs\\node_modules\\bower',
45 error   fstream_type: 'Directory',
45 error   fstream_path: 'C:\\Program Files\\nodejs\\node_modules\\bower',
45 error   fstream_class: 'DirWriter',
45 error   fstream_stack:
45 error    [ 'C:\\ProgramData\\chocolatey\\lib\\npm\\tools\\node_modules\\npm\\node_modules\\fstream\\lib\\dir-writer.js:36:23',
45 error      'C:\\ProgramData\\chocolatey\\lib\\npm\\tools\\node_modules\\npm\\node_modules\\mkdirp\\index.js:37:53',
45 error      'FSReqWrap.oncomplete (fs.js:123:15)' ] }
46 error Please try running this command again as root/Administrator.
47 error System Windows_NT 10.0.14393
48 error command "C:\\Program Files\\nodejs\\node.exe" "C:\\ProgramData\\chocolatey\\lib\\npm\\tools\\node_modules\\npm\\bin\\npm-cli.js" "install" "-g" "bower"
49 error cwd C:\Users\bboug\Documents\GitHub\PopcornWebApp\app\PopcornWebApp
50 error node -v v6.9.1
51 error npm -v 1.4.9
52 error path C:\Program Files\nodejs\node_modules\bower
53 error syscall mkdir
54 error fstream_path C:\Program Files\nodejs\node_modules\bower
55 error fstream_type Directory
56 error fstream_class DirWriter
57 error code EPERM
58 error errno -4048
59 error stack Error: EPERM: operation not permitted, mkdir 'C:\Program Files\nodejs\node_modules\bower'
59 error stack     at Error (native)
60 error fstream_stack C:\ProgramData\chocolatey\lib\npm\tools\node_modules\npm\node_modules\fstream\lib\dir-writer.js:36:23
60 error fstream_stack C:\ProgramData\chocolatey\lib\npm\tools\node_modules\npm\node_modules\mkdirp\index.js:37:53
60 error fstream_stack FSReqWrap.oncomplete (fs.js:123:15)
61 verbose exit [ -4048, true ]
